[+] Containers:
 |- [+] Container: /Game/FirstPerson/Maps/FirstPersonMap
 |   |- [+] ActorDescs:
 |   |   |- Guid:01B71EFC4257EC175F8D6DA546342231 BaseClass: NativeClass:/Script/Engine.StaticMeshActor Name:StaticMeshActor_UAID_98FA9BF5C0CDEA6501_1913550000 Label:SM_Ramp4 SpatiallyLoaded:1 Bounds:IsValid=true, Min=(X=5.000 Y=0.000 Z=650.000), Max=(X=705.000 Y=400.000 Z=950.000) RuntimeGrid:None EditorOnly:0 RuntimeOnly:0 HLODRelevant:1 FolderPath:Block01 FolderGuid:5710F1034B6DC7FBD588718E283EB93C
 |   |   |- Guid:0EDB289B45CB7E0977A6DBA74201EE76 BaseClass: NativeClass:/Script/Engine.StaticMeshActor Name:StaticMeshActor_10 Label:wall2 SpatiallyLoaded:1 Bounds:IsValid=true, Min=(X=2900.000 Y=95.000 Z=50.000), Max=(X=3000.000 Y=5295.000 Z=550.000) RuntimeGrid:None EditorOnly:0 RuntimeOnly:0 HLODRelevant:1 FolderPath:Playground FolderGuid:6C02BB504B69D1F3D7A624B130C18E5B
 |   |   |- Guid:16BAED5844BDEA17D5B61980D5F371A5 BaseClass: NativeClass:/Script/Engine.StaticMeshActor Name:StaticMeshActor_UAID_98FA9BF5C0CDE96501_1709393823 Label:ground2 SpatiallyLoaded:1 Bounds:IsValid=true, Min=(X=-96.833 Y=800.000 Z=550.000), Max=(X=3003.167 Y=5400.000 Z=650.000) RuntimeGrid:None EditorOnly:0 RuntimeOnly:0 HLODRelevant:1 FolderPath:Playground/2 FolderGuid:8449B96749D79CE57FAE30950A230670
 |   |   |- Guid:16F450EF477748453BF1308C8B08F6B4 BaseClass: NativeClass:/Script/Engine.StaticMeshActor Name:StaticMeshActor_UAID_98FA9BF5C0CDE26501_1477714612 Label:SM_Cube24 SpatiallyLoaded:1 Bounds:IsValid=true, Min=(X=705.000 Y=100.769 Z=50.000), Max=(X=805.000 Y=800.769 Z=650.000) RuntimeGrid:None EditorOnly:0 RuntimeOnly:0 HLODRelevant:1 FolderPath:Playground/1-2 staris FolderGuid:285959AC4473EF55A39CC998218D19A9
 |   |   |- Guid:175B52814B1E5EA6E5F138B6AC1FAE66 BaseClass: NativeClass:/Script/Engine.PointLight Name:PointLight_UAID_98FA9BF5C0CDE46501_1866941971 Label:PointLight SpatiallyLoaded:1 Bounds:IsValid=true, Min=(X=2618.971 Y=-713.699 Z=-244.590), Max=(X=4618.971 Y=1286.301 Z=1755.410) RuntimeGrid:None EditorOnly:0 RuntimeOnly:0 HLODRelevant:0
 |   |   |- Guid:1815566A4624F0F43F41589863648BB9 BaseClass: NativeClass:/Script/Engine.StaticMeshActor Name:StaticMeshActor_UAID_98FA9BF5C0CDE26501_1433113609 Label:SM_Cube22 SpatiallyLoaded:1 Bounds:IsValid=true, Min=(X=2106.000 Y=100.769 Z=650.000), Max=(X=2206.000 Y=2700.769 Z=1150.000) RuntimeGrid:None EditorOnly:0 RuntimeOnly:0 HLODRelevant:1 FolderPath:Playground/2 FolderGuid:8449B96749D79CE57FAE30950A230670
 |   |   |- Guid:1D1590C94B54727C6B3109BD7117FADC BaseClass: NativeClass:/Script/Engine.StaticMeshActor Name:StaticMeshActor_UAID_98FA9BF5C0CDE36501_1538896791 Label:wall6_2 SpatiallyLoaded:1 Bounds:IsValid=true, Min=(X=-95.000 Y=810.000 Z=650.000), Max=(X=5.000 Y=6110.000 Z=1150.000) RuntimeGrid:None EditorOnly:0 RuntimeOnly:0 HLODRelevant:1 FolderPath:Playground/2 FolderGuid:8449B96749D79CE57FAE30950A230670
 |   |   |- Guid:1EF7BA9E4470D22FF7D360B2AA5A2662 BaseClass: NativeClass:/Script/Engine.StaticMeshActor Name:StaticMeshActor_UAID_98FA9BF5C0CDE56501_1577545150 Label:1ground4 SpatiallyLoaded:1 Bounds:IsValid=true, Min=(X=202.167 Y=705.000 Z=1155.000), Max=(X=2702.167 Y=3305.000 Z=1255.000) RuntimeGrid:None EditorOnly:0 RuntimeOnly:0 HLODRelevant:1 FolderPath:Playground/1 FolderGuid:B759790A492080A931FEBAA98E159024
 |   |   |- Guid:2C8EBB2A45D0C7FB7B6A219461C45283 BaseClass: NativeClass:/Script/Engine.StaticMeshActor Name:StaticMeshActor_UAID_98FA9BF5C0CDDD6501_2106365712 Label:SM_Cube11 SpatiallyLoaded:1 Bounds:IsValid=true, Min=(X=5.000 Y=995.000 Z=50.000), Max=(X=605.000 Y=1095.000 Z=550.000) RuntimeGrid:None EditorOnly:0 RuntimeOnly:0 HLODRelevant:1 FolderPath:Playground/1 FolderGuid:B759790A492080A931FEBAA98E159024
 |   |   |- Guid:334C17434FD8ED259F76EABD814AAC46 BaseClass: NativeClass:/Script/Engine.PointLight Name:PointLight_UAID_98FA9BF5C0CDE56501_1826205151 Label:PointLight2 SpatiallyLoaded:1 Bounds:IsValid=true, Min=(X=440.000 Y=-550.000 Z=-210.000), Max=(X=2440.000 Y=1450.000 Z=1790.000) RuntimeGrid:None EditorOnly:0 RuntimeOnly:0 HLODRelevant:0
 |   |   |- Guid:418270ED4BDE09410099398241507196 BaseClass: NativeClass:/Script/Engine.StaticMeshActor Name:StaticMeshActor_UAID_98FA9BF5C0CDE26501_1443425610 Label:SM_Cube14 SpatiallyLoaded:1 Bounds:IsValid=true, Min=(X=707.000 Y=100.769 Z=650.000), Max=(X=807.000 Y=3400.769 Z=1150.000) RuntimeGrid:None EditorOnly:0 RuntimeOnly:0 HLODRelevant:1 FolderPath:Playground/2 FolderGuid:8449B96749D79CE57FAE30950A230670
 |   |   |- Guid:4DDFAEB3443F437EA4DFB4A66C22F106 BaseClass: NativeClass:/Script/Engine.StaticMeshActor Name:StaticMeshActor_UAID_98FA9BF5C0CDE36501_1310049790 Label:wall5_2 SpatiallyLoaded:1 Bounds:IsValid=true, Min=(X=2905.000 Y=800.000 Z=650.000), Max=(X=3005.000 Y=6000.000 Z=1150.000) RuntimeGrid:None EditorOnly:0 RuntimeOnly:0 HLODRelevant:1 FolderPath:Playground/2 FolderGuid:8449B96749D79CE57FAE30950A230670
 |   |   |- Guid:4E7B03D240C8095A98E5708F41E1DDD8 BaseClass: NativeClass:/Script/Engine.StaticMeshActor Name:StaticMeshActor_15 Label:SM_Cube10 SpatiallyLoaded:1 Bounds:IsValid=true, Min=(X=2345.000 Y=1000.000 Z=100.000), Max=(X=2545.000 Y=1100.000 Z=200.000) RuntimeGrid:None EditorOnly:0 RuntimeOnly:0 HLODRelevant:1 FolderPath:Block01 FolderGuid:5710F1034B6DC7FBD588718E283EB93C
 |   |   |- Guid:4EAEEADD4940602772DE2781AB89B7B6 BaseClass: NativeClass:/Script/Engine.StaticMeshActor Name:StaticMeshActor_UAID_98FA9BF5C0CDDF6501_1583591068 Label:SM_Cube13 SpatiallyLoaded:1 Bounds:IsValid=true, Min=(X=810.000 Y=100.769 Z=50.000), Max=(X=910.000 Y=2700.769 Z=550.000) RuntimeGrid:None EditorOnly:0 RuntimeOnly:0 HLODRelevant:1 FolderPath:Playground/1 FolderGuid:B759790A492080A931FEBAA98E159024
 |   |   |- Guid:50E6114C4189AAF9B897A3A792C8C233 BaseClass: NativeClass:/Script/Engine.SkyLight Name:SkyLight_UAID_98FA9BF5C0CDE16501_2049129432 Label:SkyLight2 SpatiallyLoaded:0 Bounds:IsValid=true, Min=(X=1450.000 Y=1515.000 Z=420.000), Max=(X=1450.000 Y=1515.000 Z=420.000) RuntimeGrid:None EditorOnly:0 RuntimeOnly:0 HLODRelevant:0 FolderPath:Lighting FolderGuid:0BA5F0A04EADB18E70D5B180D08FA34B
 |   |   |- Guid:540E8C5E4191C186DAFA39989A42F977 BaseClass: NativeClass:/Script/Engine.StaticMeshActor Name:StaticMeshActor_13 Label:SM_Cube9 SpatiallyLoaded:1 Bounds:IsValid=true, Min=(X=2345.000 Y=400.000 Z=0.000), Max=(X=2545.000 Y=1100.000 Z=100.000) RuntimeGrid:None EditorOnly:0 RuntimeOnly:0 HLODRelevant:1 FolderPath:Block01 FolderGuid:5710F1034B6DC7FBD588718E283EB93C
 |   |   |- Guid:55BA9FD64F5BD47B21EAE988CA9FD9E6 BaseClass: NativeClass:/Script/Engine.StaticMeshActor Name:StaticMeshActor_UAID_98FA9BF5C0CDE06501_1619875253 Label:SM_Cube20 SpatiallyLoaded:1 Bounds:IsValid=true, Min=(X=798.571 Y=100.769 Z=350.000), Max=(X=2098.571 Y=500.769 Z=450.000) RuntimeGrid:None EditorOnly:0 RuntimeOnly:0 HLODRelevant:1 FolderPath:Playground/1-2 staris FolderGuid:285959AC4473EF55A39CC998218D19A9
 |   |   |- Guid:5F5F61E8485626C2E11444A275E53585 BaseClass: NativeClass:/Script/Engine.StaticMeshActor Name:StaticMeshActor_6 Label:SM_Ramp2 SpatiallyLoaded:1 Bounds:IsValid=true, Min=(X=1945.000 Y=400.000 Z=0.000), Max=(X=2345.000 Y=600.000 Z=100.000) RuntimeGrid:None EditorOnly:0 RuntimeOnly:0 HLODRelevant:1 FolderPath:Block01 FolderGuid:5710F1034B6DC7FBD588718E283EB93C
 |   |   |- Guid:5FE7584649BB6F09265329A6C57CFD0D BaseClass: NativeClass:/Script/Engine.VolumetricCloud Name:VolumetricCloud_0 Label:VolumetricCloud SpatiallyLoaded:0 Bounds:IsValid=true, Min=(X=-95.000 Y=0.000 Z=820.000), Max=(X=-95.000 Y=0.000 Z=820.000) RuntimeGrid:None EditorOnly:0 RuntimeOnly:0 HLODRelevant:0 FolderPath:Lighting FolderGuid:0BA5F0A04EADB18E70D5B180D08FA34B
 |   |   |- Guid:61391D344900612A77DFC3BA3E354907 BaseClass: NativeClass:/Script/Engine.ExponentialHeightFog Name:ExponentialHeightFog_0 Label:ExponentialHeightFog SpatiallyLoaded:0 Bounds:IsValid=true, Min=(X=-5600.000 Y=-50.000 Z=-6850.000), Max=(X=-5600.000 Y=-50.000 Z=-6850.000) RuntimeGrid:None EditorOnly:0 RuntimeOnly:0 HLODRelevant:0 FolderPath:Lighting FolderGuid:0BA5F0A04EADB18E70D5B180D08FA34B
 |   |   |- Guid:6D88360A4C0BB0A103FB7A906A33B9DA BaseClass: NativeClass:/Script/Engine.StaticMeshActor Name:StaticMeshActor_UAID_98FA9BF5C0CDDF6501_1854322070 Label:SM_Cube15 SpatiallyLoaded:1 Bounds:IsValid=true, Min=(X=1901.154 Y=1900.000 Z=43.750), Max=(X=2901.154 Y=2000.000 Z=543.750) RuntimeGrid:None EditorOnly:0 RuntimeOnly:0 HLODRelevant:1 FolderPath:Playground/1 FolderGuid:B759790A492080A931FEBAA98E159024
 |   |   |- Guid:6FEFB3BD4EB37B849EF0D4AC80F83855 BaseClass: NativeClass:/Script/Engine.WorldDataLayers Name:WorldDataLayers Label:WorldDataLayers SpatiallyLoaded:0 Bounds:IsValid=true, Min=(X=0.000 Y=0.000 Z=0.000), Max=(X=0.000 Y=0.000 Z=0.000) RuntimeGrid:None EditorOnly:0 RuntimeOnly:0 HLODRelevant:0
 |   |   |- Guid:78CAF7514C7533F30BD2F19A017AAB65 BaseClass: NativeClass:/Script/Engine.StaticMeshActor Name:StaticMeshActor_0 Label:1ground SpatiallyLoaded:1 Bounds:IsValid=true, Min=(X=-92.833 Y=0.000 Z=0.000), Max=(X=3007.167 Y=5400.000 Z=50.000) RuntimeGrid:None EditorOnly:0 RuntimeOnly:0 HLODRelevant:1 FolderPath:Playground/1 FolderGuid:B759790A492080A931FEBAA98E159024
 |   |   |- Guid:7D14FC0E4393C3A7726D468FECD39AF3 BaseClass: NativeClass:/Script/Engine.StaticMeshActor Name:StaticMeshActor_UAID_98FA9BF5C0CDE16501_1141334430 Label:SM_Cube21 SpatiallyLoaded:1 Bounds:IsValid=true, Min=(X=2101.154 Y=95.000 Z=50.000), Max=(X=2201.154 Y=1295.000 Z=550.000) RuntimeGrid:None EditorOnly:0 RuntimeOnly:0 HLODRelevant:1
 |   |   |- Guid:8BDD1363469D6663EFAE69948BC14BCA BaseClass: NativeClass:/Script/Engine.StaticMeshActor Name:StaticMeshActor_UAID_98FA9BF5C0CDE96501_2127099824 Label:SM_Cube16 SpatiallyLoaded:1 Bounds:IsValid=true, Min=(X=1400.000 Y=502.278 Z=50.000), Max=(X=1500.000 Y=1002.278 Z=1150.000) RuntimeGrid:None EditorOnly:0 RuntimeOnly:0 HLODRelevant:1 FolderPath:Playground/1 FolderGuid:B759790A492080A931FEBAA98E159024
 |   |   |- Guid:8EBADDD943D50B276F6AA2AB8DF8CD3A BaseClass: NativeClass:/Script/Engine.StaticMeshActor Name:StaticMeshActor_UAID_98FA9BF5C0CDE06501_1309303249 Label:SM_Cube17 SpatiallyLoaded:1 Bounds:IsValid=true, Min=(X=0.000 Y=2870.000 Z=50.000), Max=(X=1100.000 Y=2970.000 Z=550.000) RuntimeGrid:None EditorOnly:0 RuntimeOnly:0 HLODRelevant:1 FolderPath:Playground/1 FolderGuid:B759790A492080A931FEBAA98E159024
 |   |   |- Guid:90B7B8D3420C2EABA931D3A6A69DF696 BaseClass: NativeClass:/Script/Engine.StaticMeshActor Name:StaticMeshActor_3 Label:wall4 SpatiallyLoaded:1 Bounds:IsValid=true, Min=(X=7.000 Y=0.000 Z=50.000), Max=(X=2907.000 Y=100.000 Z=550.000) RuntimeGrid:None EditorOnly:0 RuntimeOnly:0 HLODRelevant:1 FolderPath:Playground FolderGuid:6C02BB504B69D1F3D7A624B130C18E5B
 |   |   |- Guid:A354B1B24E617A525DC6B48CCDE2417E BaseClass: NativeClass:/Script/Engine.PlayerStart Name:PlayerStart_0 Label:PlayerStart SpatiallyLoaded:0 Bounds:IsValid=true, Min=(X=860.000 Y=2695.000 Z=50.063), Max=(X=940.000 Y=2775.000 Z=234.063) RuntimeGrid:None EditorOnly:0 RuntimeOnly:0 HLODRelevant:0
 |   |   |- Guid:A5EBEEF34B2659E3D84861B8986A72C0 BaseClass: NativeClass:/Script/Engine.StaticMeshActor Name:StaticMeshActor_UAID_98FA9BF5C0CDE96501_1452868860 Label:SM_Cube26 SpatiallyLoaded:1 Bounds:IsValid=true, Min=(X=-91.429 Y=0.000 Z=550.000), Max=(X=708.571 Y=800.000 Z=650.000) RuntimeGrid:None EditorOnly:0 RuntimeOnly:0 HLODRelevant:1 FolderPath:Playground/1-2 FolderGuid:C35CDA734967AAD9B8004A8C21515BEB
 |   |   |- Guid:B0EC3D4541E64D1F5FD05EBE81FD7FB8 BaseClass: NativeClass:/Script/Engine.StaticMeshActor Name:StaticMeshActor_UAID_98FA9BF5C0CDE06501_1344422250 Label:SM_Cube18 SpatiallyLoaded:1 Bounds:IsValid=true, Min=(X=1601.154 Y=2900.000 Z=50.000), Max=(X=2901.154 Y=3000.000 Z=550.000) RuntimeGrid:None EditorOnly:0 RuntimeOnly:0 HLODRelevant:1 FolderPath:Playground/1 FolderGuid:B759790A492080A931FEBAA98E159024
 |   |   |- Guid:B132B77C4B48D9C226C7929864CB644E BaseClass: NativeClass:/Script/Engine.StaticMeshActor Name:StaticMeshActor_UAID_98FA9BF5C0CDE46501_1688427969 Label:1ground3 SpatiallyLoaded:1 Bounds:IsValid=true, Min=(X=2107.167 Y=0.000 Z=550.000), Max=(X=3007.167 Y=800.000 Z=650.000) RuntimeGrid:None EditorOnly:0 RuntimeOnly:0 HLODRelevant:1 FolderPath:Playground/1 FolderGuid:B759790A492080A931FEBAA98E159024
 |   |   |- Guid:B1E356C04D0CD1605DCFE9B7A83B3E98 BaseClass: NativeClass:/Script/Engine.StaticMeshActor Name:StaticMeshActor_5 Label:SM_Cube4 SpatiallyLoaded:1 Bounds:IsValid=true, Min=(X=1745.000 Y=1260.000 Z=0.000), Max=(X=2345.000 Y=1760.000 Z=200.000) RuntimeGrid:None EditorOnly:0 RuntimeOnly:0 HLODRelevant:1 FolderPath:Block01 FolderGuid:5710F1034B6DC7FBD588718E283EB93C
 |   |   |- Guid:C0C56B9644AE3D40CAFF6A878DB29844 BaseClass: NativeClass:/Script/Engine.StaticMeshActor Name:StaticMeshActor_UAID_A4AE111137DC5EFB00_2001720423 Label:SM_SkySphere SpatiallyLoaded:0 Bounds:IsValid=true, Min=(X=-1646498.883 Y=-1638400.000 Z=-1658880.000), Max=(X=1646685.117 Y=1638400.000 Z=1658880.000) RuntimeGrid:None EditorOnly:0 RuntimeOnly:0 HLODRelevant:1 FolderPath:Lighting FolderGuid:0BA5F0A04EADB18E70D5B180D08FA34B
 |   |   |- Guid:C22CE07C4B87D685137FDBBC10FC92C6 BaseClass: NativeClass:/Script/Engine.SkyAtmosphere Name:SkyAtmosphere_0 Label:SkyAtmosphere SpatiallyLoaded:0 Bounds:IsValid=true, Min=(X=0.000 Y=2765.000 Z=1020.000), Max=(X=0.000 Y=2765.000 Z=1020.000) RuntimeGrid:None EditorOnly:0 RuntimeOnly:0 HLODRelevant:0 FolderPath:Lighting FolderGuid:0BA5F0A04EADB18E70D5B180D08FA34B
 |   |   |- Guid:C9A62A3845C7C68E753F9BB7CB60E14D BaseClass: NativeClass:/Script/Engine.StaticMeshActor Name:StaticMeshActor_UAID_98FA9BF5C0CDDE6501_1639241890 Label:SM_Cube8 SpatiallyLoaded:1 Bounds:IsValid=true, Min=(X=0.000 Y=1905.000 Z=50.000), Max=(X=1000.000 Y=2005.000 Z=550.000) RuntimeGrid:None EditorOnly:0 RuntimeOnly:0 HLODRelevant:1 FolderPath:Playground/1 FolderGuid:B759790A492080A931FEBAA98E159024
 |   |   |- Guid:CBD78DF84618851AEBFEE9A7C51A16A2 BaseClass: NativeClass:/Script/Engine.StaticMeshActor Name:StaticMeshActor_UAID_98FA9BF5C0CDDF6501_1666336069 Label:wall1 SpatiallyLoaded:1 Bounds:IsValid=true, Min=(X=-95.000 Y=0.000 Z=50.000), Max=(X=5.000 Y=5300.000 Z=550.000) RuntimeGrid:None EditorOnly:0 RuntimeOnly:0 HLODRelevant:1 FolderPath:Playground FolderGuid:6C02BB504B69D1F3D7A624B130C18E5B
 |   |   |- Guid:CE8D82634660FCDB3120E2B8D547C533 BaseClass: NativeClass:/Script/Engine.PostProcessVolume Name:PostProcessVolume_0 Label:PostProcessVolume SpatiallyLoaded:0 Bounds:IsValid=true, Min=(X=1230.000 Y=1040.000 Z=1335.000), Max=(X=1430.000 Y=1240.000 Z=1535.000) RuntimeGrid:None EditorOnly:0 RuntimeOnly:0 HLODRelevant:0 FolderPath:Lighting FolderGuid:0BA5F0A04EADB18E70D5B180D08FA34B
 |   |   |- Guid:D595A9604799ED705260BB876507B397 BaseClass: NativeClass:/Script/Engine.StaticMeshActor Name:StaticMeshActor_UAID_98FA9BF5C0CDE46501_1116011968 Label:1ground2 SpatiallyLoaded:1 Bounds:IsValid=true, Min=(X=-97.833 Y=-3100.000 Z=850.000), Max=(X=3002.167 Y=0.000 Z=950.000) RuntimeGrid:None EditorOnly:0 RuntimeOnly:0 HLODRelevant:1 FolderPath:Playground/1 FolderGuid:B759790A492080A931FEBAA98E159024
 |   |   |- Guid:DC9BDC104223D790D8DE27A4B73B3CEB BaseClass: NativeClass:/Script/Engine.PointLight Name:PointLight_UAID_98FA9BF5C0CDE56501_1863415152 Label:PointLight3 SpatiallyLoaded:1 Bounds:IsValid=true, Min=(X=470.000 Y=-150.000 Z=150.000), Max=(X=2470.000 Y=1850.000 Z=2150.000) RuntimeGrid:None EditorOnly:0 RuntimeOnly:0 HLODRelevant:0
 |   |   |- Guid:E34D678848B49BECEA85AE84FAA946F2 BaseClass: NativeClass:/Script/Engine.StaticMeshActor Name:StaticMeshActor_UAID_98FA9BF5C0CDE26501_1447226611 Label:SM_Cube23 SpatiallyLoaded:1 Bounds:IsValid=true, Min=(X=700.000 Y=0.769 Z=650.000), Max=(X=2200.000 Y=100.769 Z=1450.000) RuntimeGrid:None EditorOnly:0 RuntimeOnly:0 HLODRelevant:1 FolderPath:Playground/1-2 staris FolderGuid:285959AC4473EF55A39CC998218D19A9
 |   |   |- Guid:E5320C1B4FD9764CE7B54D8487AEC613 BaseClass: NativeClass:/Script/Engine.SkyLight Name:SkyLight_0 Label:SkyLight SpatiallyLoaded:0 Bounds:IsValid=true, Min=(X=335.000 Y=595.000 Z=690.000), Max=(X=335.000 Y=595.000 Z=690.000) RuntimeGrid:None EditorOnly:0 RuntimeOnly:0 HLODRelevant:0 FolderPath:Lighting FolderGuid:0BA5F0A04EADB18E70D5B180D08FA34B
 |   |   |- Guid:E8C0850243452271C014468A765D896C BaseClass: NativeClass:/Script/Engine.PointLight Name:PointLight_UAID_98FA9BF5C0CDE56501_2123626153 Label:PointLight4 SpatiallyLoaded:1 Bounds:IsValid=true, Min=(X=440.000 Y=-550.000 Z=-790.000), Max=(X=2440.000 Y=1450.000 Z=1210.000) RuntimeGrid:None EditorOnly:0 RuntimeOnly:0 HLODRelevant:0
 |   |   |- Guid:E9501331493757ACCF5320A4C74EA28B BaseClass: NativeClass:/Script/Engine.StaticMeshActor Name:StaticMeshActor_UAID_98FA9BF5C0CDE06501_1420256251 Label:SM_Cube19 SpatiallyLoaded:1 Bounds:IsValid=true, Min=(X=1601.154 Y=4000.000 Z=43.750), Max=(X=2901.154 Y=4100.000 Z=543.750) RuntimeGrid:None EditorOnly:0 RuntimeOnly:0 HLODRelevant:1 FolderPath:Playground/1 FolderGuid:B759790A492080A931FEBAA98E159024
 |   |   |- Guid:EB260A4343402177EF2FA8AA9CCA795D BaseClass: NativeClass:/Script/Engine.StaticMeshActor Name:StaticMeshActor_14 Label:SM_Ramp3 SpatiallyLoaded:1 Bounds:IsValid=true, Min=(X=2205.000 Y=0.000 Z=650.000), Max=(X=2905.000 Y=400.000 Z=950.000) RuntimeGrid:None EditorOnly:0 RuntimeOnly:0 HLODRelevant:1 FolderPath:Block01 FolderGuid:5710F1034B6DC7FBD588718E283EB93C
 |   |   |- Guid:ED0E7BFA4DA0E36648B8F5AEE7963E67 BaseClass: NativeClass:/Script/Engine.StaticMeshActor Name:StaticMeshActor_UAID_98FA9BF5C0CDEA6501_1554017999 Label:1ground5 SpatiallyLoaded:1 Bounds:IsValid=true, Min=(X=707.167 Y=0.000 Z=550.000), Max=(X=2107.167 Y=100.000 Z=650.000) RuntimeGrid:None EditorOnly:0 RuntimeOnly:0 HLODRelevant:1 FolderPath:Playground/1 FolderGuid:B759790A492080A931FEBAA98E159024
 |   |   |- Guid:EE66F4454A4A9F99393F559AB739C05E BaseClass:/Game/FirstPerson/Blueprints/BP_Pickup_Rifle.BP_Pickup_Rifle_C NativeClass:/Script/Engine.Actor Name:BP_Rifle_C_1 Label:BP_Pickup_Rifle SpatiallyLoaded:1 Bounds:IsValid=true, Min=(X=1693.000 Y=818.000 Z=149.000), Max=(X=1757.000 Y=907.440 Z=213.000) RuntimeGrid:None EditorOnly:0 RuntimeOnly:0 HLODRelevant:0
 |   |   |- Guid:F07F1AF64C7C7C238EE1B4BF8C122DD8 BaseClass: NativeClass:/Script/Engine.StaticMeshActor Name:StaticMeshActor_4 Label:wall3 SpatiallyLoaded:1 Bounds:IsValid=true, Min=(X=-93.272 Y=5300.000 Z=50.000), Max=(X=2906.728 Y=5400.000 Z=550.000) RuntimeGrid:None EditorOnly:0 RuntimeOnly:0 HLODRelevant:1 FolderPath:Playground FolderGuid:6C02BB504B69D1F3D7A624B130C18E5B
 |   |   |- Guid:F2202DC944517DFFBFF77B989A49EC0D BaseClass: NativeClass:/Script/Engine.StaticMeshActor Name:StaticMeshActor_UAID_98FA9BF5C0CDE66501_1139450330 Label:SM_Cube25 SpatiallyLoaded:1 Bounds:IsValid=true, Min=(X=798.571 Y=115.769 Z=950.000), Max=(X=2098.571 Y=515.769 Z=1050.000) RuntimeGrid:None EditorOnly:0 RuntimeOnly:0 HLODRelevant:1 FolderPath:Playground/1-2 FolderGuid:C35CDA734967AAD9B8004A8C21515BEB
 |   |   |- Guid:F493F46A47FFE209756DD297FCF1B8B5 BaseClass: NativeClass:/Script/Engine.StaticMeshActor Name:StaticMeshActor_UAID_98FA9BF5C0CDDE6501_1791249891 Label:SM_Cube12 SpatiallyLoaded:1 Bounds:IsValid=true, Min=(X=0.000 Y=3935.000 Z=-12.500), Max=(X=1000.000 Y=4035.000 Z=487.500) RuntimeGrid:None EditorOnly:0 RuntimeOnly:0 HLODRelevant:1 FolderPath:Playground/1 FolderGuid:B759790A492080A931FEBAA98E159024
 |   |   |- Guid:F80621C9446867154938FE81375207DA BaseClass: NativeClass:/Script/Engine.DirectionalLight Name:DirectionalLight_1 Label:DirectionalLight SpatiallyLoaded:0 Bounds:IsValid=true, Min=(X=-4398046511104.000 Y=-4398046511104.000 Z=-4398046511104.000), Max=(X=4398046511104.000 Y=4398046511104.000 Z=4398046511104.000) RuntimeGrid:None EditorOnly:0 RuntimeOnly:0 HLODRelevant:0 FolderPath:Lighting FolderGuid:0BA5F0A04EADB18E70D5B180D08FA34B
 |   |   |- Guid:FE369CF94A071F9176E524A237CA92AA BaseClass: NativeClass:/Script/Engine.StaticMeshActor Name:StaticMeshActor_1 Label:SM_ChamferCube SpatiallyLoaded:1 Bounds:IsValid=true, Min=(X=14711.699 Y=271.699 Z=0.013), Max=(X=14848.301 Y=408.301 Z=100.013) RuntimeGrid:None EditorOnly:0 RuntimeOnly:0 HLODRelevant:0 FolderPath:SimulatedCubes FolderGuid:9AEEADCB4DC6C647D6E7C0B4EDA1744F
 |   |- [+] Clusters:
 |   |   |- [+] [  0]
 |   |   |   |- Guid:540E8C5E4191C186DAFA39989A42F977 BaseClass: NativeClass:/Script/Engine.StaticMeshActor Name:StaticMeshActor_13 Label:SM_Cube9 SpatiallyLoaded:1 Bounds:IsValid=true, Min=(X=2345.000 Y=400.000 Z=0.000), Max=(X=2545.000 Y=1100.000 Z=100.000) RuntimeGrid:None EditorOnly:0 RuntimeOnly:0 HLODRelevant:1 FolderPath:Block01 FolderGuid:5710F1034B6DC7FBD588718E283EB93C
 |   |   |- [+] [  1]
 |   |   |   |- Guid:61391D344900612A77DFC3BA3E354907 BaseClass: NativeClass:/Script/Engine.ExponentialHeightFog Name:ExponentialHeightFog_0 Label:ExponentialHeightFog SpatiallyLoaded:0 Bounds:IsValid=true, Min=(X=-5600.000 Y=-50.000 Z=-6850.000), Max=(X=-5600.000 Y=-50.000 Z=-6850.000) RuntimeGrid:None EditorOnly:0 RuntimeOnly:0 HLODRelevant:0 FolderPath:Lighting FolderGuid:0BA5F0A04EADB18E70D5B180D08FA34B
 |   |   |- [+] [  2]
 |   |   |   |- Guid:5FE7584649BB6F09265329A6C57CFD0D BaseClass: NativeClass:/Script/Engine.VolumetricCloud Name:VolumetricCloud_0 Label:VolumetricCloud SpatiallyLoaded:0 Bounds:IsValid=true, Min=(X=-95.000 Y=0.000 Z=820.000), Max=(X=-95.000 Y=0.000 Z=820.000) RuntimeGrid:None EditorOnly:0 RuntimeOnly:0 HLODRelevant:0 FolderPath:Lighting FolderGuid:0BA5F0A04EADB18E70D5B180D08FA34B
 |   |   |- [+] [  3]
 |   |   |   |- Guid:C9A62A3845C7C68E753F9BB7CB60E14D BaseClass: NativeClass:/Script/Engine.StaticMeshActor Name:StaticMeshActor_UAID_98FA9BF5C0CDDE6501_1639241890 Label:SM_Cube8 SpatiallyLoaded:1 Bounds:IsValid=true, Min=(X=0.000 Y=1905.000 Z=50.000), Max=(X=1000.000 Y=2005.000 Z=550.000) RuntimeGrid:None EditorOnly:0 RuntimeOnly:0 HLODRelevant:1 FolderPath:Playground/1 FolderGuid:B759790A492080A931FEBAA98E159024
 |   |   |- [+] [  4]
 |   |   |   |- Guid:F80621C9446867154938FE81375207DA BaseClass: NativeClass:/Script/Engine.DirectionalLight Name:DirectionalLight_1 Label:DirectionalLight SpatiallyLoaded:0 Bounds:IsValid=true, Min=(X=-4398046511104.000 Y=-4398046511104.000 Z=-4398046511104.000), Max=(X=4398046511104.000 Y=4398046511104.000 Z=4398046511104.000) RuntimeGrid:None EditorOnly:0 RuntimeOnly:0 HLODRelevant:0 FolderPath:Lighting FolderGuid:0BA5F0A04EADB18E70D5B180D08FA34B
 |   |   |- [+] [  5]
 |   |   |   |- Guid:418270ED4BDE09410099398241507196 BaseClass: NativeClass:/Script/Engine.StaticMeshActor Name:StaticMeshActor_UAID_98FA9BF5C0CDE26501_1443425610 Label:SM_Cube14 SpatiallyLoaded:1 Bounds:IsValid=true, Min=(X=707.000 Y=100.769 Z=650.000), Max=(X=807.000 Y=3400.769 Z=1150.000) RuntimeGrid:None EditorOnly:0 RuntimeOnly:0 HLODRelevant:1 FolderPath:Playground/2 FolderGuid:8449B96749D79CE57FAE30950A230670
 |   |   |- [+] [  6]
 |   |   |   |- Guid:4EAEEADD4940602772DE2781AB89B7B6 BaseClass: NativeClass:/Script/Engine.StaticMeshActor Name:StaticMeshActor_UAID_98FA9BF5C0CDDF6501_1583591068 Label:SM_Cube13 SpatiallyLoaded:1 Bounds:IsValid=true, Min=(X=810.000 Y=100.769 Z=50.000), Max=(X=910.000 Y=2700.769 Z=550.000) RuntimeGrid:None EditorOnly:0 RuntimeOnly:0 HLODRelevant:1 FolderPath:Playground/1 FolderGuid:B759790A492080A931FEBAA98E159024
 |   |   |- [+] [  7]
 |   |   |   |- Guid:5F5F61E8485626C2E11444A275E53585 BaseClass: NativeClass:/Script/Engine.StaticMeshActor Name:StaticMeshActor_6 Label:SM_Ramp2 SpatiallyLoaded:1 Bounds:IsValid=true, Min=(X=1945.000 Y=400.000 Z=0.000), Max=(X=2345.000 Y=600.000 Z=100.000) RuntimeGrid:None EditorOnly:0 RuntimeOnly:0 HLODRelevant:1 FolderPath:Block01 FolderGuid:5710F1034B6DC7FBD588718E283EB93C
 |   |   |- [+] [  8]
 |   |   |   |- Guid:B0EC3D4541E64D1F5FD05EBE81FD7FB8 BaseClass: NativeClass:/Script/Engine.StaticMeshActor Name:StaticMeshActor_UAID_98FA9BF5C0CDE06501_1344422250 Label:SM_Cube18 SpatiallyLoaded:1 Bounds:IsValid=true, Min=(X=1601.154 Y=2900.000 Z=50.000), Max=(X=2901.154 Y=3000.000 Z=550.000) RuntimeGrid:None EditorOnly:0 RuntimeOnly:0 HLODRelevant:1 FolderPath:Playground/1 FolderGuid:B759790A492080A931FEBAA98E159024
 |   |   |- [+] [  9]
 |   |   |   |- Guid:90B7B8D3420C2EABA931D3A6A69DF696 BaseClass: NativeClass:/Script/Engine.StaticMeshActor Name:StaticMeshActor_3 Label:wall4 SpatiallyLoaded:1 Bounds:IsValid=true, Min=(X=7.000 Y=0.000 Z=50.000), Max=(X=2907.000 Y=100.000 Z=550.000) RuntimeGrid:None EditorOnly:0 RuntimeOnly:0 HLODRelevant:1 FolderPath:Playground FolderGuid:6C02BB504B69D1F3D7A624B130C18E5B
 |   |   |- [+] [ 10]
 |   |   |   |- Guid:FE369CF94A071F9176E524A237CA92AA BaseClass: NativeClass:/Script/Engine.StaticMeshActor Name:StaticMeshActor_1 Label:SM_ChamferCube SpatiallyLoaded:1 Bounds:IsValid=true, Min=(X=14711.699 Y=271.699 Z=0.013), Max=(X=14848.301 Y=408.301 Z=100.013) RuntimeGrid:None EditorOnly:0 RuntimeOnly:0 HLODRelevant:0 FolderPath:SimulatedCubes FolderGuid:9AEEADCB4DC6C647D6E7C0B4EDA1744F
 |   |   |- [+] [ 11]
 |   |   |   |- Guid:B1E356C04D0CD1605DCFE9B7A83B3E98 BaseClass: NativeClass:/Script/Engine.StaticMeshActor Name:StaticMeshActor_5 Label:SM_Cube4 SpatiallyLoaded:1 Bounds:IsValid=true, Min=(X=1745.000 Y=1260.000 Z=0.000), Max=(X=2345.000 Y=1760.000 Z=200.000) RuntimeGrid:None EditorOnly:0 RuntimeOnly:0 HLODRelevant:1 FolderPath:Block01 FolderGuid:5710F1034B6DC7FBD588718E283EB93C
 |   |   |- [+] [ 12]
 |   |   |   |- Guid:175B52814B1E5EA6E5F138B6AC1FAE66 BaseClass: NativeClass:/Script/Engine.PointLight Name:PointLight_UAID_98FA9BF5C0CDE46501_1866941971 Label:PointLight SpatiallyLoaded:1 Bounds:IsValid=true, Min=(X=2618.971 Y=-713.699 Z=-244.590), Max=(X=4618.971 Y=1286.301 Z=1755.410) RuntimeGrid:None EditorOnly:0 RuntimeOnly:0 HLODRelevant:0
 |   |   |- [+] [ 13]
 |   |   |   |- Guid:16BAED5844BDEA17D5B61980D5F371A5 BaseClass: NativeClass:/Script/Engine.StaticMeshActor Name:StaticMeshActor_UAID_98FA9BF5C0CDE96501_1709393823 Label:ground2 SpatiallyLoaded:1 Bounds:IsValid=true, Min=(X=-96.833 Y=800.000 Z=550.000), Max=(X=3003.167 Y=5400.000 Z=650.000) RuntimeGrid:None EditorOnly:0 RuntimeOnly:0 HLODRelevant:1 FolderPath:Playground/2 FolderGuid:8449B96749D79CE57FAE30950A230670
 |   |   |- [+] [ 14]
 |   |   |   |- Guid:DC9BDC104223D790D8DE27A4B73B3CEB BaseClass: NativeClass:/Script/Engine.PointLight Name:PointLight_UAID_98FA9BF5C0CDE56501_1863415152 Label:PointLight3 SpatiallyLoaded:1 Bounds:IsValid=true, Min=(X=470.000 Y=-150.000 Z=150.000), Max=(X=2470.000 Y=1850.000 Z=2150.000) RuntimeGrid:None EditorOnly:0 RuntimeOnly:0 HLODRelevant:0
 |   |   |- [+] [ 15]
 |   |   |   |- Guid:8BDD1363469D6663EFAE69948BC14BCA BaseClass: NativeClass:/Script/Engine.StaticMeshActor Name:StaticMeshActor_UAID_98FA9BF5C0CDE96501_2127099824 Label:SM_Cube16 SpatiallyLoaded:1 Bounds:IsValid=true, Min=(X=1400.000 Y=502.278 Z=50.000), Max=(X=1500.000 Y=1002.278 Z=1150.000) RuntimeGrid:None EditorOnly:0 RuntimeOnly:0 HLODRelevant:1 FolderPath:Playground/1 FolderGuid:B759790A492080A931FEBAA98E159024
 |   |   |- [+] [ 16]
 |   |   |   |- Guid:E8C0850243452271C014468A765D896C BaseClass: NativeClass:/Script/Engine.PointLight Name:PointLight_UAID_98FA9BF5C0CDE56501_2123626153 Label:PointLight4 SpatiallyLoaded:1 Bounds:IsValid=true, Min=(X=440.000 Y=-550.000 Z=-790.000), Max=(X=2440.000 Y=1450.000 Z=1210.000) RuntimeGrid:None EditorOnly:0 RuntimeOnly:0 HLODRelevant:0
 |   |   |- [+] [ 17]
 |   |   |   |- Guid:B132B77C4B48D9C226C7929864CB644E BaseClass: NativeClass:/Script/Engine.StaticMeshActor Name:StaticMeshActor_UAID_98FA9BF5C0CDE46501_1688427969 Label:1ground3 SpatiallyLoaded:1 Bounds:IsValid=true, Min=(X=2107.167 Y=0.000 Z=550.000), Max=(X=3007.167 Y=800.000 Z=650.000) RuntimeGrid:None EditorOnly:0 RuntimeOnly:0 HLODRelevant:1 FolderPath:Playground/1 FolderGuid:B759790A492080A931FEBAA98E159024
 |   |   |- [+] [ 18]
 |   |   |   |- Guid:4E7B03D240C8095A98E5708F41E1DDD8 BaseClass: NativeClass:/Script/Engine.StaticMeshActor Name:StaticMeshActor_15 Label:SM_Cube10 SpatiallyLoaded:1 Bounds:IsValid=true, Min=(X=2345.000 Y=1000.000 Z=100.000), Max=(X=2545.000 Y=1100.000 Z=200.000) RuntimeGrid:None EditorOnly:0 RuntimeOnly:0 HLODRelevant:1 FolderPath:Block01 FolderGuid:5710F1034B6DC7FBD588718E283EB93C
 |   |   |- [+] [ 19]
 |   |   |   |- Guid:EE66F4454A4A9F99393F559AB739C05E BaseClass:/Game/FirstPerson/Blueprints/BP_Pickup_Rifle.BP_Pickup_Rifle_C NativeClass:/Script/Engine.Actor Name:BP_Rifle_C_1 Label:BP_Pickup_Rifle SpatiallyLoaded:1 Bounds:IsValid=true, Min=(X=1693.000 Y=818.000 Z=149.000), Max=(X=1757.000 Y=907.440 Z=213.000) RuntimeGrid:None EditorOnly:0 RuntimeOnly:0 HLODRelevant:0
 |   |   |- [+] [ 20]
 |   |   |   |- Guid:8EBADDD943D50B276F6AA2AB8DF8CD3A BaseClass: NativeClass:/Script/Engine.StaticMeshActor Name:StaticMeshActor_UAID_98FA9BF5C0CDE06501_1309303249 Label:SM_Cube17 SpatiallyLoaded:1 Bounds:IsValid=true, Min=(X=0.000 Y=2870.000 Z=50.000), Max=(X=1100.000 Y=2970.000 Z=550.000) RuntimeGrid:None EditorOnly:0 RuntimeOnly:0 HLODRelevant:1 FolderPath:Playground/1 FolderGuid:B759790A492080A931FEBAA98E159024
 |   |   |- [+] [ 21]
 |   |   |   |- Guid:E9501331493757ACCF5320A4C74EA28B BaseClass: NativeClass:/Script/Engine.StaticMeshActor Name:StaticMeshActor_UAID_98FA9BF5C0CDE06501_1420256251 Label:SM_Cube19 SpatiallyLoaded:1 Bounds:IsValid=true, Min=(X=1601.154 Y=4000.000 Z=43.750), Max=(X=2901.154 Y=4100.000 Z=543.750) RuntimeGrid:None EditorOnly:0 RuntimeOnly:0 HLODRelevant:1 FolderPath:Playground/1 FolderGuid:B759790A492080A931FEBAA98E159024
 |   |   |- [+] [ 22]
 |   |   |   |- Guid:E5320C1B4FD9764CE7B54D8487AEC613 BaseClass: NativeClass:/Script/Engine.SkyLight Name:SkyLight_0 Label:SkyLight SpatiallyLoaded:0 Bounds:IsValid=true, Min=(X=335.000 Y=595.000 Z=690.000), Max=(X=335.000 Y=595.000 Z=690.000) RuntimeGrid:None EditorOnly:0 RuntimeOnly:0 HLODRelevant:0 FolderPath:Lighting FolderGuid:0BA5F0A04EADB18E70D5B180D08FA34B
 |   |   |- [+] [ 23]
 |   |   |   |- Guid:F07F1AF64C7C7C238EE1B4BF8C122DD8 BaseClass: NativeClass:/Script/Engine.StaticMeshActor Name:StaticMeshActor_4 Label:wall3 SpatiallyLoaded:1 Bounds:IsValid=true, Min=(X=-93.272 Y=5300.000 Z=50.000), Max=(X=2906.728 Y=5400.000 Z=550.000) RuntimeGrid:None EditorOnly:0 RuntimeOnly:0 HLODRelevant:1 FolderPath:Playground FolderGuid:6C02BB504B69D1F3D7A624B130C18E5B
 |   |   |- [+] [ 24]
 |   |   |   |- Guid:4DDFAEB3443F437EA4DFB4A66C22F106 BaseClass: NativeClass:/Script/Engine.StaticMeshActor Name:StaticMeshActor_UAID_98FA9BF5C0CDE36501_1310049790 Label:wall5_2 SpatiallyLoaded:1 Bounds:IsValid=true, Min=(X=2905.000 Y=800.000 Z=650.000), Max=(X=3005.000 Y=6000.000 Z=1150.000) RuntimeGrid:None EditorOnly:0 RuntimeOnly:0 HLODRelevant:1 FolderPath:Playground/2 FolderGuid:8449B96749D79CE57FAE30950A230670
 |   |   |- [+] [ 25]
 |   |   |   |- Guid:7D14FC0E4393C3A7726D468FECD39AF3 BaseClass: NativeClass:/Script/Engine.StaticMeshActor Name:StaticMeshActor_UAID_98FA9BF5C0CDE16501_1141334430 Label:SM_Cube21 SpatiallyLoaded:1 Bounds:IsValid=true, Min=(X=2101.154 Y=95.000 Z=50.000), Max=(X=2201.154 Y=1295.000 Z=550.000) RuntimeGrid:None EditorOnly:0 RuntimeOnly:0 HLODRelevant:1
 |   |   |- [+] [ 26]
 |   |   |   |- Guid:78CAF7514C7533F30BD2F19A017AAB65 BaseClass: NativeClass:/Script/Engine.StaticMeshActor Name:StaticMeshActor_0 Label:1ground SpatiallyLoaded:1 Bounds:IsValid=true, Min=(X=-92.833 Y=0.000 Z=0.000), Max=(X=3007.167 Y=5400.000 Z=50.000) RuntimeGrid:None EditorOnly:0 RuntimeOnly:0 HLODRelevant:1 FolderPath:Playground/1 FolderGuid:B759790A492080A931FEBAA98E159024
 |   |   |- [+] [ 27]
 |   |   |   |- Guid:F2202DC944517DFFBFF77B989A49EC0D BaseClass: NativeClass:/Script/Engine.StaticMeshActor Name:StaticMeshActor_UAID_98FA9BF5C0CDE66501_1139450330 Label:SM_Cube25 SpatiallyLoaded:1 Bounds:IsValid=true, Min=(X=798.571 Y=115.769 Z=950.000), Max=(X=2098.571 Y=515.769 Z=1050.000) RuntimeGrid:None EditorOnly:0 RuntimeOnly:0 HLODRelevant:1 FolderPath:Playground/1-2 FolderGuid:C35CDA734967AAD9B8004A8C21515BEB
 |   |   |- [+] [ 28]
 |   |   |   |- Guid:2C8EBB2A45D0C7FB7B6A219461C45283 BaseClass: NativeClass:/Script/Engine.StaticMeshActor Name:StaticMeshActor_UAID_98FA9BF5C0CDDD6501_2106365712 Label:SM_Cube11 SpatiallyLoaded:1 Bounds:IsValid=true, Min=(X=5.000 Y=995.000 Z=50.000), Max=(X=605.000 Y=1095.000 Z=550.000) RuntimeGrid:None EditorOnly:0 RuntimeOnly:0 HLODRelevant:1 FolderPath:Playground/1 FolderGuid:B759790A492080A931FEBAA98E159024
 |   |   |- [+] [ 29]
 |   |   |   |- Guid:1815566A4624F0F43F41589863648BB9 BaseClass: NativeClass:/Script/Engine.StaticMeshActor Name:StaticMeshActor_UAID_98FA9BF5C0CDE26501_1433113609 Label:SM_Cube22 SpatiallyLoaded:1 Bounds:IsValid=true, Min=(X=2106.000 Y=100.769 Z=650.000), Max=(X=2206.000 Y=2700.769 Z=1150.000) RuntimeGrid:None EditorOnly:0 RuntimeOnly:0 HLODRelevant:1 FolderPath:Playground/2 FolderGuid:8449B96749D79CE57FAE30950A230670
 |   |   |- [+] [ 30]
 |   |   |   |- Guid:EB260A4343402177EF2FA8AA9CCA795D BaseClass: NativeClass:/Script/Engine.StaticMeshActor Name:StaticMeshActor_14 Label:SM_Ramp3 SpatiallyLoaded:1 Bounds:IsValid=true, Min=(X=2205.000 Y=0.000 Z=650.000), Max=(X=2905.000 Y=400.000 Z=950.000) RuntimeGrid:None EditorOnly:0 RuntimeOnly:0 HLODRelevant:1 FolderPath:Block01 FolderGuid:5710F1034B6DC7FBD588718E283EB93C
 |   |   |- [+] [ 31]
 |   |   |   |- Guid:A354B1B24E617A525DC6B48CCDE2417E BaseClass: NativeClass:/Script/Engine.PlayerStart Name:PlayerStart_0 Label:PlayerStart SpatiallyLoaded:0 Bounds:IsValid=true, Min=(X=860.000 Y=2695.000 Z=50.063), Max=(X=940.000 Y=2775.000 Z=234.063) RuntimeGrid:None EditorOnly:0 RuntimeOnly:0 HLODRelevant:0
 |   |   |- [+] [ 32]
 |   |   |   |- Guid:16F450EF477748453BF1308C8B08F6B4 BaseClass: NativeClass:/Script/Engine.StaticMeshActor Name:StaticMeshActor_UAID_98FA9BF5C0CDE26501_1477714612 Label:SM_Cube24 SpatiallyLoaded:1 Bounds:IsValid=true, Min=(X=705.000 Y=100.769 Z=50.000), Max=(X=805.000 Y=800.769 Z=650.000) RuntimeGrid:None EditorOnly:0 RuntimeOnly:0 HLODRelevant:1 FolderPath:Playground/1-2 staris FolderGuid:285959AC4473EF55A39CC998218D19A9
 |   |   |- [+] [ 33]
 |   |   |   |- Guid:55BA9FD64F5BD47B21EAE988CA9FD9E6 BaseClass: NativeClass:/Script/Engine.StaticMeshActor Name:StaticMeshActor_UAID_98FA9BF5C0CDE06501_1619875253 Label:SM_Cube20 SpatiallyLoaded:1 Bounds:IsValid=true, Min=(X=798.571 Y=100.769 Z=350.000), Max=(X=2098.571 Y=500.769 Z=450.000) RuntimeGrid:None EditorOnly:0 RuntimeOnly:0 HLODRelevant:1 FolderPath:Playground/1-2 staris FolderGuid:285959AC4473EF55A39CC998218D19A9
 |   |   |- [+] [ 34]
 |   |   |   |- Guid:0EDB289B45CB7E0977A6DBA74201EE76 BaseClass: NativeClass:/Script/Engine.StaticMeshActor Name:StaticMeshActor_10 Label:wall2 SpatiallyLoaded:1 Bounds:IsValid=true, Min=(X=2900.000 Y=95.000 Z=50.000), Max=(X=3000.000 Y=5295.000 Z=550.000) RuntimeGrid:None EditorOnly:0 RuntimeOnly:0 HLODRelevant:1 FolderPath:Playground FolderGuid:6C02BB504B69D1F3D7A624B130C18E5B
 |   |   |- [+] [ 35]
 |   |   |   |- Guid:50E6114C4189AAF9B897A3A792C8C233 BaseClass: NativeClass:/Script/Engine.SkyLight Name:SkyLight_UAID_98FA9BF5C0CDE16501_2049129432 Label:SkyLight2 SpatiallyLoaded:0 Bounds:IsValid=true, Min=(X=1450.000 Y=1515.000 Z=420.000), Max=(X=1450.000 Y=1515.000 Z=420.000) RuntimeGrid:None EditorOnly:0 RuntimeOnly:0 HLODRelevant:0 FolderPath:Lighting FolderGuid:0BA5F0A04EADB18E70D5B180D08FA34B
 |   |   |- [+] [ 36]
 |   |   |   |- Guid:1EF7BA9E4470D22FF7D360B2AA5A2662 BaseClass: NativeClass:/Script/Engine.StaticMeshActor Name:StaticMeshActor_UAID_98FA9BF5C0CDE56501_1577545150 Label:1ground4 SpatiallyLoaded:1 Bounds:IsValid=true, Min=(X=202.167 Y=705.000 Z=1155.000), Max=(X=2702.167 Y=3305.000 Z=1255.000) RuntimeGrid:None EditorOnly:0 RuntimeOnly:0 HLODRelevant:1 FolderPath:Playground/1 FolderGuid:B759790A492080A931FEBAA98E159024
 |   |   |- [+] [ 37]
 |   |   |   |- Guid:CBD78DF84618851AEBFEE9A7C51A16A2 BaseClass: NativeClass:/Script/Engine.StaticMeshActor Name:StaticMeshActor_UAID_98FA9BF5C0CDDF6501_1666336069 Label:wall1 SpatiallyLoaded:1 Bounds:IsValid=true, Min=(X=-95.000 Y=0.000 Z=50.000), Max=(X=5.000 Y=5300.000 Z=550.000) RuntimeGrid:None EditorOnly:0 RuntimeOnly:0 HLODRelevant:1 FolderPath:Playground FolderGuid:6C02BB504B69D1F3D7A624B130C18E5B
 |   |   |- [+] [ 38]
 |   |   |   |- Guid:334C17434FD8ED259F76EABD814AAC46 BaseClass: NativeClass:/Script/Engine.PointLight Name:PointLight_UAID_98FA9BF5C0CDE56501_1826205151 Label:PointLight2 SpatiallyLoaded:1 Bounds:IsValid=true, Min=(X=440.000 Y=-550.000 Z=-210.000), Max=(X=2440.000 Y=1450.000 Z=1790.000) RuntimeGrid:None EditorOnly:0 RuntimeOnly:0 HLODRelevant:0
 |   |   |- [+] [ 39]
 |   |   |   |- Guid:E34D678848B49BECEA85AE84FAA946F2 BaseClass: NativeClass:/Script/Engine.StaticMeshActor Name:StaticMeshActor_UAID_98FA9BF5C0CDE26501_1447226611 Label:SM_Cube23 SpatiallyLoaded:1 Bounds:IsValid=true, Min=(X=700.000 Y=0.769 Z=650.000), Max=(X=2200.000 Y=100.769 Z=1450.000) RuntimeGrid:None EditorOnly:0 RuntimeOnly:0 HLODRelevant:1 FolderPath:Playground/1-2 staris FolderGuid:285959AC4473EF55A39CC998218D19A9
 |   |   |- [+] [ 40]
 |   |   |   |- Guid:A5EBEEF34B2659E3D84861B8986A72C0 BaseClass: NativeClass:/Script/Engine.StaticMeshActor Name:StaticMeshActor_UAID_98FA9BF5C0CDE96501_1452868860 Label:SM_Cube26 SpatiallyLoaded:1 Bounds:IsValid=true, Min=(X=-91.429 Y=0.000 Z=550.000), Max=(X=708.571 Y=800.000 Z=650.000) RuntimeGrid:None EditorOnly:0 RuntimeOnly:0 HLODRelevant:1 FolderPath:Playground/1-2 FolderGuid:C35CDA734967AAD9B8004A8C21515BEB
 |   |   |- [+] [ 41]
 |   |   |   |- Guid:6D88360A4C0BB0A103FB7A906A33B9DA BaseClass: NativeClass:/Script/Engine.StaticMeshActor Name:StaticMeshActor_UAID_98FA9BF5C0CDDF6501_1854322070 Label:SM_Cube15 SpatiallyLoaded:1 Bounds:IsValid=true, Min=(X=1901.154 Y=1900.000 Z=43.750), Max=(X=2901.154 Y=2000.000 Z=543.750) RuntimeGrid:None EditorOnly:0 RuntimeOnly:0 HLODRelevant:1 FolderPath:Playground/1 FolderGuid:B759790A492080A931FEBAA98E159024
 |   |   |- [+] [ 42]
 |   |   |   |- Guid:D595A9604799ED705260BB876507B397 BaseClass: NativeClass:/Script/Engine.StaticMeshActor Name:StaticMeshActor_UAID_98FA9BF5C0CDE46501_1116011968 Label:1ground2 SpatiallyLoaded:1 Bounds:IsValid=true, Min=(X=-97.833 Y=-3100.000 Z=850.000), Max=(X=3002.167 Y=0.000 Z=950.000) RuntimeGrid:None EditorOnly:0 RuntimeOnly:0 HLODRelevant:1 FolderPath:Playground/1 FolderGuid:B759790A492080A931FEBAA98E159024
 |   |   |- [+] [ 43]
 |   |   |   |- Guid:C22CE07C4B87D685137FDBBC10FC92C6 BaseClass: NativeClass:/Script/Engine.SkyAtmosphere Name:SkyAtmosphere_0 Label:SkyAtmosphere SpatiallyLoaded:0 Bounds:IsValid=true, Min=(X=0.000 Y=2765.000 Z=1020.000), Max=(X=0.000 Y=2765.000 Z=1020.000) RuntimeGrid:None EditorOnly:0 RuntimeOnly:0 HLODRelevant:0 FolderPath:Lighting FolderGuid:0BA5F0A04EADB18E70D5B180D08FA34B
 |   |   |- [+] [ 44]
 |   |   |   |- Guid:C0C56B9644AE3D40CAFF6A878DB29844 BaseClass: NativeClass:/Script/Engine.StaticMeshActor Name:StaticMeshActor_UAID_A4AE111137DC5EFB00_2001720423 Label:SM_SkySphere SpatiallyLoaded:0 Bounds:IsValid=true, Min=(X=-1646498.883 Y=-1638400.000 Z=-1658880.000), Max=(X=1646685.117 Y=1638400.000 Z=1658880.000) RuntimeGrid:None EditorOnly:0 RuntimeOnly:0 HLODRelevant:1 FolderPath:Lighting FolderGuid:0BA5F0A04EADB18E70D5B180D08FA34B
 |   |   |- [+] [ 45]
 |   |   |   |- Guid:6FEFB3BD4EB37B849EF0D4AC80F83855 BaseClass: NativeClass:/Script/Engine.WorldDataLayers Name:WorldDataLayers Label:WorldDataLayers SpatiallyLoaded:0 Bounds:IsValid=true, Min=(X=0.000 Y=0.000 Z=0.000), Max=(X=0.000 Y=0.000 Z=0.000) RuntimeGrid:None EditorOnly:0 RuntimeOnly:0 HLODRelevant:0
 |   |   |- [+] [ 46]
 |   |   |   |- Guid:F493F46A47FFE209756DD297FCF1B8B5 BaseClass: NativeClass:/Script/Engine.StaticMeshActor Name:StaticMeshActor_UAID_98FA9BF5C0CDDE6501_1791249891 Label:SM_Cube12 SpatiallyLoaded:1 Bounds:IsValid=true, Min=(X=0.000 Y=3935.000 Z=-12.500), Max=(X=1000.000 Y=4035.000 Z=487.500) RuntimeGrid:None EditorOnly:0 RuntimeOnly:0 HLODRelevant:1 FolderPath:Playground/1 FolderGuid:B759790A492080A931FEBAA98E159024
 |   |   |- [+] [ 47]
 |   |   |   |- Guid:1D1590C94B54727C6B3109BD7117FADC BaseClass: NativeClass:/Script/Engine.StaticMeshActor Name:StaticMeshActor_UAID_98FA9BF5C0CDE36501_1538896791 Label:wall6_2 SpatiallyLoaded:1 Bounds:IsValid=true, Min=(X=-95.000 Y=810.000 Z=650.000), Max=(X=5.000 Y=6110.000 Z=1150.000) RuntimeGrid:None EditorOnly:0 RuntimeOnly:0 HLODRelevant:1 FolderPath:Playground/2 FolderGuid:8449B96749D79CE57FAE30950A230670
 |   |   |- [+] [ 48]
 |   |   |   |- Guid:CE8D82634660FCDB3120E2B8D547C533 BaseClass: NativeClass:/Script/Engine.PostProcessVolume Name:PostProcessVolume_0 Label:PostProcessVolume SpatiallyLoaded:0 Bounds:IsValid=true, Min=(X=1230.000 Y=1040.000 Z=1335.000), Max=(X=1430.000 Y=1240.000 Z=1535.000) RuntimeGrid:None EditorOnly:0 RuntimeOnly:0 HLODRelevant:0 FolderPath:Lighting FolderGuid:0BA5F0A04EADB18E70D5B180D08FA34B
 |   |   |- [+] [ 49]
 |   |   |   |- Guid:ED0E7BFA4DA0E36648B8F5AEE7963E67 BaseClass: NativeClass:/Script/Engine.StaticMeshActor Name:StaticMeshActor_UAID_98FA9BF5C0CDEA6501_1554017999 Label:1ground5 SpatiallyLoaded:1 Bounds:IsValid=true, Min=(X=707.167 Y=0.000 Z=550.000), Max=(X=2107.167 Y=100.000 Z=650.000) RuntimeGrid:None EditorOnly:0 RuntimeOnly:0 HLODRelevant:1 FolderPath:Playground/1 FolderGuid:B759790A492080A931FEBAA98E159024
 |   |   |- [+] [ 50]
 |   |   |   |- Guid:01B71EFC4257EC175F8D6DA546342231 BaseClass: NativeClass:/Script/Engine.StaticMeshActor Name:StaticMeshActor_UAID_98FA9BF5C0CDEA6501_1913550000 Label:SM_Ramp4 SpatiallyLoaded:1 Bounds:IsValid=true, Min=(X=5.000 Y=0.000 Z=650.000), Max=(X=705.000 Y=400.000 Z=950.000) RuntimeGrid:None EditorOnly:0 RuntimeOnly:0 HLODRelevant:1 FolderPath:Block01 FolderGuid:5710F1034B6DC7FBD588718E283EB93C
 |- ContainerInstances:
 |- [+] MainContainer:
 |   |-        ID: 0x0000000000000000
 |   |-    Bounds: IsValid=false, Min=(X=0.000 Y=0.000 Z=0.000), Max=(X=0.000 Y=0.000 Z=0.000)
 |   |- Transform: 0.000000,0.000000,0.000000|0.000000,0.000000,-0.000000|1.000000,1.000000,1.000000
 |   |- Container: /Game/FirstPerson/Maps/FirstPersonMap
----------------------------------------------------------------------------------------------------------------
FirstPersonMap - Persistent Level
----------------------------------------------------------------------------------------------------------------
Always loaded Actor Count: 63 

----------------------------------------------------------------------------------------------------------------
FirstPersonMap - Runtime Spatial Hash - Streaming Grid - MainGrid
----------------------------------------------------------------------------------------------------------------
            Origin: X=0.000 Y=0.000 Z=0.000
         Cell Size: 12800
      World Bounds: IsValid=false, Min=(X=0.000 Y=0.000 Z=0.000), Max=(X=0.000 Y=0.000 Z=0.000)
     Loading Range: 25600.00
Block Slow Loading: No
 ClientOnlyVisible: No

[+] Grid Levels: 1
 |- Level  0: Cell Count    0 | Cell Size   12800 | Actor Count    0 (0.0%)

[+] Content of Grid Level 0

